apps/bumblebee/build/app/intermediates/manifest_merge_blame_file/devDebug/manifest-merger-blame-dev-debug-report.txt
1<?xml version="1.0" encoding="utf-8"?>
2<manifest xmlns:android="http://schemas.android.com/apk/res/android"
3    package="com.kreditplus.deasy.android.dev"
4    android:versionCode="27"
5    android:versionName="1.5.1" >
6
7    <uses-sdk
8        android:minSdkVersion="21"
9        android:targetSdkVersion="31" />
10    <!--
11         Flutter needs it to communicate with the running application
12         to allow setting breakpoints, to provide hot reload, etc.
13    -->
14    <uses-permission android:name="android.permission.INTERNET" />
14-->src/main/AndroidManifest.xml:4:5-66
14-->src/main/AndroidManifest.xml:4:22-64
15    <uses-permission android:name="android.permission.VIBRATE" />
15-->src/main/AndroidManifest.xml:5:5-65
15-->src/main/AndroidManifest.xml:5:22-63
16    <uses-permission android:name="android.permission.RECEIVE_BOOT_COMPLETED" />
16-->src/main/AndroidManifest.xml:8:5-80
16-->src/main/AndroidManifest.xml:8:22-78
17    <uses-permission android:name="android.permission.ACCESS_FINE_LOCATION" />
17-->src/main/AndroidManifest.xml:9:5-79
17-->src/main/AndroidManifest.xml:9:22-76
18    <uses-permission android:name="android.permission.ACCESS_COARSE_LOCATION" />
18-->src/main/AndroidManifest.xml:10:5-81
18-->src/main/AndroidManifest.xml:10:22-78
19    <uses-permission android:name="android.permission.WRITE_EXTERNAL_STORAGE" />
19-->src/main/AndroidManifest.xml:11:5-81
19-->src/main/AndroidManifest.xml:11:22-78
20    <uses-permission android:name="android.permission.ACCESS_NETWORK_STATE" />
20-->[:firebase_analytics] AndroidManifest.xml:7:5-79
20-->[:firebase_analytics] AndroidManifest.xml:7:22-76
21    <uses-permission android:name="android.permission.WAKE_LOCK" /> <!-- Permissions options for the `notification` group -->
21-->[:firebase_analytics] AndroidManifest.xml:9:5-68
21-->[:firebase_analytics] AndroidManifest.xml:9:22-65
22    <uses-permission android:name="android.permission.POST_NOTIFICATIONS" />
22-->[:firebase_messaging] AndroidManifest.xml:11:5-77
22-->[:firebase_messaging] AndroidManifest.xml:11:22-74
23    <uses-permission android:name="android.permission.FOREGROUND_SERVICE" />
23-->[:geolocator_android] AndroidManifest.xml:7:5-77
23-->[:geolocator_android] AndroidManifest.xml:7:22-74
24    <uses-permission android:name="android.permission.CAMERA" />
24-->[:camera_android] AndroidManifest.xml:9:5-65
24-->[:camera_android] AndroidManifest.xml:9:22-62
25    <uses-permission android:name="android.permission.USE_FULL_SCREEN_INTENT" />
25-->[:flutter_local_notifications] AndroidManifest.xml:9:5-81
25-->[:flutter_local_notifications] AndroidManifest.xml:9:22-78
26    <uses-permission android:name="android.permission.SCHEDULE_EXACT_ALARM" /> <!-- Required by older versions of Google Play services to create IID tokens -->
26-->[:flutter_local_notifications] AndroidManifest.xml:10:5-79
26-->[:flutter_local_notifications] AndroidManifest.xml:10:22-76
27    <uses-permission android:name="com.google.android.c2dm.permission.RECEIVE" />
27-->[com.google.firebase:firebase-messaging:23.1.2] AndroidManifest.xml:28:5-82
27-->[com.google.firebase:firebase-messaging:23.1.2] AndroidManifest.xml:28:22-79
28    <uses-permission android:name="com.google.android.gms.permission.AD_ID" />
28-->[com.google.android.gms:play-services-measurement-api:21.2.1] AndroidManifest.xml:25:5-79
28-->[com.google.android.gms:play-services-measurement-api:21.2.1] AndroidManifest.xml:25:22-76
29    <uses-permission android:name="com.google.android.finsky.permission.BIND_GET_INSTALL_REFERRER_SERVICE" />
29-->[com.google.android.gms:play-services-measurement:21.2.1] AndroidManifest.xml:26:5-110
29-->[com.google.android.gms:play-services-measurement:21.2.1] AndroidManifest.xml:26:22-107
30
31    <permission
31-->[androidx.core:core:1.9.0] AndroidManifest.xml:22:5-24:47
32        android:name="com.kreditplus.deasy.android.dev.DYNAMIC_RECEIVER_NOT_EXPORTED_PERMISSION"
32-->[androidx.core:core:1.9.0] AndroidManifest.xml:23:9-81
33        android:protectionLevel="signature" />
33-->[androidx.core:core:1.9.0] AndroidManifest.xml:24:9-44
34
35    <uses-permission android:name="com.kreditplus.deasy.android.dev.DYNAMIC_RECEIVER_NOT_EXPORTED_PERMISSION" />
35-->[androidx.core:core:1.9.0] AndroidManifest.xml:26:5-97
35-->[androidx.core:core:1.9.0] AndroidManifest.xml:26:22-94
36
37    <application
37-->src/main/AndroidManifest.xml:13:5-76:18
38        android:appComponentFactory="androidx.core.app.CoreComponentFactory"
38-->[androidx.core:core:1.9.0] AndroidManifest.xml:28:18-86
39        android:debuggable="true"
40        android:icon="@mipmap/ic_launcher"
40-->src/main/AndroidManifest.xml:16:8-42
41        android:label="@string/app_name"
41-->src/main/AndroidManifest.xml:14:9-41
42        android:usesCleartextTraffic="true" >
42-->src/main/AndroidManifest.xml:15:8-43
43        <receiver
43-->src/main/AndroidManifest.xml:17:8-22:19
44            android:name="com.dexterous.flutterlocalnotifications.ScheduledNotificationBootReceiver"
44-->src/main/AndroidManifest.xml:17:18-106
45            android:exported="false" >
45-->[:flutter_local_notifications] AndroidManifest.xml:22:13-37
46            <intent-filter>
46-->src/main/AndroidManifest.xml:18:12-21:28
47                <action android:name="android.intent.action.BOOT_COMPLETED" />
47-->src/main/AndroidManifest.xml:19:16-77
47-->src/main/AndroidManifest.xml:19:24-75
48                <action android:name="android.intent.action.MY_PACKAGE_REPLACED" />
48-->src/main/AndroidManifest.xml:20:16-82
48-->src/main/AndroidManifest.xml:20:24-80
49            </intent-filter>
50            <intent-filter>
50-->[:flutter_local_notifications] AndroidManifest.xml:23:13-28:29
51                <action android:name="android.intent.action.BOOT_COMPLETED" />
51-->src/main/AndroidManifest.xml:19:16-77
51-->src/main/AndroidManifest.xml:19:24-75
52                <action android:name="android.intent.action.MY_PACKAGE_REPLACED" />
52-->src/main/AndroidManifest.xml:20:16-82
52-->src/main/AndroidManifest.xml:20:24-80
53                <action android:name="android.intent.action.QUICKBOOT_POWERON" />
53-->[:flutter_local_notifications] AndroidManifest.xml:26:17-82
53-->[:flutter_local_notifications] AndroidManifest.xml:26:25-79
54                <action android:name="com.htc.intent.action.QUICKBOOT_POWERON" />
54-->[:flutter_local_notifications] AndroidManifest.xml:27:17-82
54-->[:flutter_local_notifications] AndroidManifest.xml:27:25-79
55            </intent-filter>
56        </receiver>
57
58        <activity
58-->src/main/AndroidManifest.xml:24:8-67:19
59            android:name="com.kreditplus.deasy.kreditplus_deasy_mobile.MainActivity"
59-->src/main/AndroidManifest.xml:25:13-41
60            android:configChanges="orientation|keyboardHidden|keyboard|screenSize|smallestScreenSize|locale|layoutDirection|fontScale|screenLayout|density|uiMode"
60-->src/main/AndroidManifest.xml:31:13-163
61            android:exported="true"
61-->src/main/AndroidManifest.xml:26:13-36
62            android:hardwareAccelerated="true"
62-->src/main/AndroidManifest.xml:32:13-47
63            android:launchMode="singleTop"
63-->src/main/AndroidManifest.xml:29:13-43
64            android:showWhenLocked="true"
64-->src/main/AndroidManifest.xml:27:13-42
65            android:theme="@style/LaunchTheme"
65-->src/main/AndroidManifest.xml:30:13-47
66            android:turnScreenOn="true"
66-->src/main/AndroidManifest.xml:28:13-40
67            android:windowSoftInputMode="adjustResize" >
67-->src/main/AndroidManifest.xml:33:13-55
68
69            <!--
70                 Specifies an Android theme to apply to this Activity as soon as
71                 the Android process has started. This theme is visible to the user
72                 while the Flutter UI initializes. After that, this theme continues
73                 to determine the Window background behind the Flutter UI.
74            -->
75            <meta-data
75-->src/main/AndroidManifest.xml:38:13-41:17
76                android:name="io.flutter.embedding.android.NormalTheme"
76-->src/main/AndroidManifest.xml:39:15-70
77                android:resource="@style/NormalTheme" />
77-->src/main/AndroidManifest.xml:40:15-52
78            <meta-data
78-->src/main/AndroidManifest.xml:43:13-46:17
79                android:name="io.flutter.embedding.android.SplashScreenDrawable"
79-->src/main/AndroidManifest.xml:44:15-79
80                android:resource="@drawable/launch_background" />
80-->src/main/AndroidManifest.xml:45:15-61
81            <meta-data
81-->src/main/AndroidManifest.xml:48:12-89
82                android:name="flutter_deeplinking_enabled"
82-->src/main/AndroidManifest.xml:48:23-65
83                android:value="true" />
83-->src/main/AndroidManifest.xml:48:66-86
84
85            <intent-filter android:autoVerify="true" >
85-->src/main/AndroidManifest.xml:49:12-56:28
85-->src/main/AndroidManifest.xml:49:27-52
86                <action android:name="android.intent.action.VIEW" />
86-->src/main/AndroidManifest.xml:50:16-68
86-->src/main/AndroidManifest.xml:50:24-65
87
88                <category android:name="android.intent.category.DEFAULT" />
88-->src/main/AndroidManifest.xml:51:16-75
88-->src/main/AndroidManifest.xml:51:26-72
89                <category android:name="android.intent.category.BROWSABLE" />
89-->src/main/AndroidManifest.xml:52:16-77
89-->src/main/AndroidManifest.xml:52:26-74
90
91                <data
91-->src/main/AndroidManifest.xml:53:16-82
92                    android:host="proddeasy.page.link"
92-->src/main/AndroidManifest.xml:53:45-79
93                    android:scheme="https" />
93-->src/main/AndroidManifest.xml:53:22-44
94                <data
94-->src/main/AndroidManifest.xml:53:16-82
95                    android:host="stagingdeasy.page.link"
95-->src/main/AndroidManifest.xml:53:45-79
96                    android:scheme="https" />
96-->src/main/AndroidManifest.xml:53:22-44
97                <data
97-->src/main/AndroidManifest.xml:53:16-82
98                    android:host="devdeasy.page.link"
98-->src/main/AndroidManifest.xml:53:45-79
99                    android:scheme="https" />
99-->src/main/AndroidManifest.xml:53:22-44
100            </intent-filter>
101            <intent-filter>
101-->src/main/AndroidManifest.xml:58:12-61:29
102                <action android:name="android.intent.action.MAIN" />
102-->src/main/AndroidManifest.xml:59:17-68
102-->src/main/AndroidManifest.xml:59:25-66
103
104                <category android:name="android.intent.category.LAUNCHER" />
104-->src/main/AndroidManifest.xml:60:17-76
104-->src/main/AndroidManifest.xml:60:27-74
105            </intent-filter>
106            <intent-filter>
106-->src/main/AndroidManifest.xml:62:12-65:28
107                <action android:name="FLUTTER_NOTIFICATION_CLICK" />
107-->src/main/AndroidManifest.xml:63:16-68
107-->src/main/AndroidManifest.xml:63:24-65
108
109                <category android:name="android.intent.category.DEFAULT" />
109-->src/main/AndroidManifest.xml:51:16-75
109-->src/main/AndroidManifest.xml:51:26-72
110            </intent-filter>
111        </activity>
112        <!--
113             Don't delete the meta-data below.
114             This is used by the Flutter tool to generate GeneratedPluginRegistrant.java
115        -->
116        <meta-data
116-->src/main/AndroidManifest.xml:70:9-72:33
117            android:name="flutterEmbedding"
117-->src/main/AndroidManifest.xml:71:13-44
118            android:value="2" />
118-->src/main/AndroidManifest.xml:72:13-30
119        <meta-data
119-->src/main/AndroidManifest.xml:73:8-75:54
120            android:name="com.google.firebase.messaging.default_notification_channel_id"
120-->src/main/AndroidManifest.xml:74:12-88
121            android:value="high_importance_channel" />
121-->src/main/AndroidManifest.xml:75:12-51
122
123        <service
123-->[:firebase_crashlytics] AndroidManifest.xml:8:9-12:19
124            android:name="com.google.firebase.components.ComponentDiscoveryService"
124-->[:firebase_crashlytics] AndroidManifest.xml:8:18-89
125            android:directBootAware="true"
125-->[com.google.firebase:firebase-common:20.3.2] AndroidManifest.xml:34:13-43
126            android:exported="false" >
126-->[com.google.firebase:firebase-messaging:23.1.2] AndroidManifest.xml:54:13-37
127            <meta-data
127-->[:firebase_crashlytics] AndroidManifest.xml:9:13-11:85
128                android:name="com.google.firebase.components:io.flutter.plugins.firebase.crashlytics.FlutterFirebaseAppRegistrar"
128-->[:firebase_crashlytics] AndroidManifest.xml:10:17-130
129                android:value="com.google.firebase.components.ComponentRegistrar" />
129-->[:firebase_crashlytics] AndroidManifest.xml:11:17-82
130            <meta-data
130-->[:firebase_performance] AndroidManifest.xml:11:13-13:85
131                android:name="com.google.firebase.components:io.flutter.plugins.firebase.performance.FlutterFirebaseAppRegistrar"
131-->[:firebase_performance] AndroidManifest.xml:12:17-130
132                android:value="com.google.firebase.components.ComponentRegistrar" />
132-->[:firebase_performance] AndroidManifest.xml:13:17-82
133            <meta-data
133-->[:firebase_dynamic_links] AndroidManifest.xml:11:13-13:85
134                android:name="com.google.firebase.components:io.flutter.plugins.firebase.dynamiclinks.FlutterFirebaseAppRegistrar"
134-->[:firebase_dynamic_links] AndroidManifest.xml:12:17-131
135                android:value="com.google.firebase.components.ComponentRegistrar" />
135-->[:firebase_dynamic_links] AndroidManifest.xml:13:17-82
136            <meta-data
136-->[:firebase_analytics] AndroidManifest.xml:13:13-15:85
137                android:name="com.google.firebase.components:io.flutter.plugins.firebase.analytics.FlutterFirebaseAppRegistrar"
137-->[:firebase_analytics] AndroidManifest.xml:14:17-128
138                android:value="com.google.firebase.components.ComponentRegistrar" />
138-->[:firebase_analytics] AndroidManifest.xml:15:17-82
139            <meta-data
139-->[:firebase_messaging] AndroidManifest.xml:36:13-38:85
140                android:name="com.google.firebase.components:io.flutter.plugins.firebase.messaging.FlutterFirebaseAppRegistrar"
140-->[:firebase_messaging] AndroidManifest.xml:37:17-128
141                android:value="com.google.firebase.components.ComponentRegistrar" />
141-->[:firebase_messaging] AndroidManifest.xml:38:17-82
142            <meta-data
142-->[:firebase_core] AndroidManifest.xml:9:13-11:85
143                android:name="com.google.firebase.components:io.flutter.plugins.firebase.core.FlutterFirebaseCoreRegistrar"
143-->[:firebase_core] AndroidManifest.xml:10:17-124
144                android:value="com.google.firebase.components.ComponentRegistrar" />
144-->[:firebase_core] AndroidManifest.xml:11:17-82
145            <meta-data
145-->[com.google.firebase:firebase-messaging:23.1.2] AndroidManifest.xml:55:13-57:85
146                android:name="com.google.firebase.components:com.google.firebase.messaging.FirebaseMessagingRegistrar"
146-->[com.google.firebase:firebase-messaging:23.1.2] AndroidManifest.xml:56:17-119
147                android:value="com.google.firebase.components.ComponentRegistrar" />
147-->[com.google.firebase:firebase-messaging:23.1.2] AndroidManifest.xml:57:17-82
148            <meta-data
148-->[com.google.firebase:firebase-dynamic-links:21.1.0] AndroidManifest.xml:26:13-28:85
149                android:name="com.google.firebase.components:com.google.firebase.dynamiclinks.internal.FirebaseDynamicLinkRegistrar"
149-->[com.google.firebase:firebase-dynamic-links:21.1.0] AndroidManifest.xml:27:17-133
150                android:value="com.google.firebase.components.ComponentRegistrar" />
150-->[com.google.firebase:firebase-dynamic-links:21.1.0] AndroidManifest.xml:28:17-82
151            <meta-data
151-->[com.google.firebase:firebase-iid:21.1.0] AndroidManifest.xml:32:13-34:85
152                android:name="com.google.firebase.components:com.google.firebase.iid.Registrar"
152-->[com.google.firebase:firebase-iid:21.1.0] AndroidManifest.xml:33:17-96
153                android:value="com.google.firebase.components.ComponentRegistrar" />
153-->[com.google.firebase:firebase-iid:21.1.0] AndroidManifest.xml:34:17-82
154            <meta-data
154-->[com.google.firebase:firebase-perf:20.3.1] AndroidManifest.xml:16:13-18:85
155                android:name="com.google.firebase.components:com.google.firebase.perf.FirebasePerfRegistrar"
155-->[com.google.firebase:firebase-perf:20.3.1] AndroidManifest.xml:17:17-109
156                android:value="com.google.firebase.components.ComponentRegistrar" />
156-->[com.google.firebase:firebase-perf:20.3.1] AndroidManifest.xml:18:17-82
157            <meta-data
157-->[com.google.firebase:firebase-crashlytics:18.3.6] AndroidManifest.xml:17:13-19:85
158                android:name="com.google.firebase.components:com.google.firebase.crashlytics.CrashlyticsRegistrar"
158-->[com.google.firebase:firebase-crashlytics:18.3.6] AndroidManifest.xml:18:17-115
159                android:value="com.google.firebase.components.ComponentRegistrar" />
159-->[com.google.firebase:firebase-crashlytics:18.3.6] AndroidManifest.xml:19:17-82
160            <meta-data
160-->[com.google.firebase:firebase-config:21.3.0] AndroidManifest.xml:31:13-33:85
161                android:name="com.google.firebase.components:com.google.firebase.remoteconfig.RemoteConfigRegistrar"
161-->[com.google.firebase:firebase-config:21.3.0] AndroidManifest.xml:32:17-117
162                android:value="com.google.firebase.components.ComponentRegistrar" />
162-->[com.google.firebase:firebase-config:21.3.0] AndroidManifest.xml:33:17-82
163            <meta-data
163-->[com.google.android.gms:play-services-measurement-api:21.2.1] AndroidManifest.xml:31:13-33:85
164                android:name="com.google.firebase.components:com.google.firebase.analytics.connector.internal.AnalyticsConnectorRegistrar"
164-->[com.google.android.gms:play-services-measurement-api:21.2.1] AndroidManifest.xml:32:17-139
165                android:value="com.google.firebase.components.ComponentRegistrar" />
165-->[com.google.android.gms:play-services-measurement-api:21.2.1] AndroidManifest.xml:33:17-82
166            <meta-data
166-->[com.google.firebase:firebase-installations:17.1.3] AndroidManifest.xml:17:13-19:85
167                android:name="com.google.firebase.components:com.google.firebase.installations.FirebaseInstallationsRegistrar"
167-->[com.google.firebase:firebase-installations:17.1.3] AndroidManifest.xml:18:17-127
168                android:value="com.google.firebase.components.ComponentRegistrar" />
168-->[com.google.firebase:firebase-installations:17.1.3] AndroidManifest.xml:19:17-82
169            <meta-data
169-->[com.google.firebase:firebase-datatransport:18.1.7] AndroidManifest.xml:27:13-29:85
170                android:name="com.google.firebase.components:com.google.firebase.datatransport.TransportRegistrar"
170-->[com.google.firebase:firebase-datatransport:18.1.7] AndroidManifest.xml:28:17-115
171                android:value="com.google.firebase.components.ComponentRegistrar" />
171-->[com.google.firebase:firebase-datatransport:18.1.7] AndroidManifest.xml:29:17-82
172            <meta-data
172-->[com.google.firebase:firebase-abt:21.1.1] AndroidManifest.xml:12:13-14:85
173                android:name="com.google.firebase.components:com.google.firebase.abt.component.AbtRegistrar"
173-->[com.google.firebase:firebase-abt:21.1.1] AndroidManifest.xml:13:17-109
174                android:value="com.google.firebase.components.ComponentRegistrar" />
174-->[com.google.firebase:firebase-abt:21.1.1] AndroidManifest.xml:14:17-82
175        </service>
176        <service
176-->[:firebase_messaging] AndroidManifest.xml:14:9-17:72
177            android:name="io.flutter.plugins.firebase.messaging.FlutterFirebaseMessagingBackgroundService"
177-->[:firebase_messaging] AndroidManifest.xml:15:13-107
178            android:exported="false"
178-->[:firebase_messaging] AndroidManifest.xml:16:13-37
179            android:permission="android.permission.BIND_JOB_SERVICE" />
179-->[:firebase_messaging] AndroidManifest.xml:17:13-69
180        <service
180-->[:firebase_messaging] AndroidManifest.xml:18:9-24:19
181            android:name="io.flutter.plugins.firebase.messaging.FlutterFirebaseMessagingService"
181-->[:firebase_messaging] AndroidManifest.xml:19:13-97
182            android:exported="false" >
182-->[:firebase_messaging] AndroidManifest.xml:20:13-37
183            <intent-filter>
183-->[:firebase_messaging] AndroidManifest.xml:21:13-23:29
184                <action android:name="com.google.firebase.MESSAGING_EVENT" />
184-->[:firebase_messaging] AndroidManifest.xml:22:17-78
184-->[:firebase_messaging] AndroidManifest.xml:22:25-75
185            </intent-filter>
186        </service>
187
188        <receiver
188-->[:firebase_messaging] AndroidManifest.xml:26:9-33:20
189            android:name="io.flutter.plugins.firebase.messaging.FlutterFirebaseMessagingReceiver"
189-->[:firebase_messaging] AndroidManifest.xml:27:13-98
190            android:exported="true"
190-->[:firebase_messaging] AndroidManifest.xml:28:13-36
191            android:permission="com.google.android.c2dm.permission.SEND" >
191-->[:firebase_messaging] AndroidManifest.xml:29:13-73
192            <intent-filter>
192-->[:firebase_messaging] AndroidManifest.xml:30:13-32:29
193                <action android:name="com.google.android.c2dm.intent.RECEIVE" />
193-->[:firebase_messaging] AndroidManifest.xml:31:17-81
193-->[:firebase_messaging] AndroidManifest.xml:31:25-78
194            </intent-filter>
195        </receiver>
196
197        <provider
197-->[:firebase_messaging] AndroidManifest.xml:41:9-45:38
198            android:name="io.flutter.plugins.firebase.messaging.FlutterFirebaseMessagingInitProvider"
198-->[:firebase_messaging] AndroidManifest.xml:42:13-102
199            android:authorities="com.kreditplus.deasy.android.dev.flutterfirebasemessaginginitprovider"
199-->[:firebase_messaging] AndroidManifest.xml:43:13-88
200            android:exported="false"
200-->[:firebase_messaging] AndroidManifest.xml:44:13-37
201            android:initOrder="99" />
201-->[:firebase_messaging] AndroidManifest.xml:45:13-35
202
203        <service
203-->[:geolocator_android] AndroidManifest.xml:10:9-14:56
204            android:name="com.baseflow.geolocator.GeolocatorLocationService"
204-->[:geolocator_android] AndroidManifest.xml:11:13-77
205            android:enabled="true"
205-->[:geolocator_android] AndroidManifest.xml:12:13-35
206            android:exported="false"
206-->[:geolocator_android] AndroidManifest.xml:13:13-37
207            android:foregroundServiceType="location" />
207-->[:geolocator_android] AndroidManifest.xml:14:13-53
208
209        <provider
209-->[:image_picker_android] AndroidManifest.xml:8:9-16:20
210            android:name="io.flutter.plugins.imagepicker.ImagePickerFileProvider"
210-->[:image_picker_android] AndroidManifest.xml:9:13-82
211            android:authorities="com.kreditplus.deasy.android.dev.flutter.image_provider"
211-->[:image_picker_android] AndroidManifest.xml:10:13-74
212            android:exported="false"
212-->[:image_picker_android] AndroidManifest.xml:11:13-37
213            android:grantUriPermissions="true" >
213-->[:image_picker_android] AndroidManifest.xml:12:13-47
214            <meta-data
214-->[:image_picker_android] AndroidManifest.xml:13:13-15:75
215                android:name="android.support.FILE_PROVIDER_PATHS"
215-->[:image_picker_android] AndroidManifest.xml:14:17-67
216                android:resource="@xml/flutter_image_picker_file_paths" />
216-->[:image_picker_android] AndroidManifest.xml:15:17-72
217        </provider>
218
219        <receiver
219-->[:flutter_local_notifications] AndroidManifest.xml:14:9-16:40
220            android:name="com.dexterous.flutterlocalnotifications.ActionBroadcastReceiver"
220-->[:flutter_local_notifications] AndroidManifest.xml:15:13-91
221            android:exported="false" />
221-->[:flutter_local_notifications] AndroidManifest.xml:16:13-37
222        <receiver
222-->[:flutter_local_notifications] AndroidManifest.xml:17:9-19:40
223            android:name="com.dexterous.flutterlocalnotifications.ScheduledNotificationReceiver"
223-->[:flutter_local_notifications] AndroidManifest.xml:18:13-97
224            android:exported="false" />
224-->[:flutter_local_notifications] AndroidManifest.xml:19:13-37
225
226        <activity
226-->[:url_launcher_android] AndroidManifest.xml:8:9-11:74
227            android:name="io.flutter.plugins.urllauncher.WebViewActivity"
227-->[:url_launcher_android] AndroidManifest.xml:9:13-74
228            android:exported="false"
228-->[:url_launcher_android] AndroidManifest.xml:10:13-37
229            android:theme="@android:style/Theme.NoTitleBar.Fullscreen" />
229-->[:url_launcher_android] AndroidManifest.xml:11:13-71
230        <!--
231           Declares a provider which allows us to store files to share in
232           '.../caches/share_plus' and grant the receiving action access
233        -->
234        <provider
234-->[:share_plus] AndroidManifest.xml:13:9-21:20
235            android:name="dev.fluttercommunity.plus.share.ShareFileProvider"
235-->[:share_plus] AndroidManifest.xml:14:13-77
236            android:authorities="com.kreditplus.deasy.android.dev.flutter.share_provider"
236-->[:share_plus] AndroidManifest.xml:15:13-74
237            android:exported="false"
237-->[:share_plus] AndroidManifest.xml:16:13-37
238            android:grantUriPermissions="true" >
238-->[:share_plus] AndroidManifest.xml:17:13-47
239            <meta-data
239-->[:image_picker_android] AndroidManifest.xml:13:13-15:75
240                android:name="android.support.FILE_PROVIDER_PATHS"
240-->[:image_picker_android] AndroidManifest.xml:14:17-67
241                android:resource="@xml/flutter_share_file_paths" />
241-->[:image_picker_android] AndroidManifest.xml:15:17-72
242        </provider>
243        <!--
244           This manifest declared broadcast receiver allows us to use an explicit
245           Intent when creating a PendingItent to be informed of the user's choice
246        -->
247        <receiver
247-->[:share_plus] AndroidManifest.xml:26:9-32:20
248            android:name="dev.fluttercommunity.plus.share.SharePlusPendingIntent"
248-->[:share_plus] AndroidManifest.xml:27:13-82
249            android:exported="true" >
249-->[:share_plus] AndroidManifest.xml:28:13-36
250            <intent-filter>
250-->[:share_plus] AndroidManifest.xml:29:13-31:29
251                <action android:name="EXTRA_CHOSEN_COMPONENT" />
251-->[:share_plus] AndroidManifest.xml:30:17-65
251-->[:share_plus] AndroidManifest.xml:30:25-62
252            </intent-filter>
253        </receiver>
254        <receiver
254-->[com.google.firebase:firebase-messaging:23.1.2] AndroidManifest.xml:31:9-38:20
255            android:name="com.google.firebase.iid.FirebaseInstanceIdReceiver"
255-->[com.google.firebase:firebase-messaging:23.1.2] AndroidManifest.xml:32:13-78
256            android:exported="true"
256-->[com.google.firebase:firebase-messaging:23.1.2] AndroidManifest.xml:33:13-36
257            android:permission="com.google.android.c2dm.permission.SEND" >
257-->[com.google.firebase:firebase-messaging:23.1.2] AndroidManifest.xml:34:13-73
258            <intent-filter>
258-->[:firebase_messaging] AndroidManifest.xml:30:13-32:29
259                <action android:name="com.google.android.c2dm.intent.RECEIVE" />
259-->[:firebase_messaging] AndroidManifest.xml:31:17-81
259-->[:firebase_messaging] AndroidManifest.xml:31:25-78
260            </intent-filter>
261        </receiver>
262        <!--
263             FirebaseMessagingService performs security checks at runtime,
264             but set to not exported to explicitly avoid allowing another app to call it.
265        -->
266        <service
266-->[com.google.firebase:firebase-messaging:23.1.2] AndroidManifest.xml:44:9-51:19
267            android:name="com.google.firebase.messaging.FirebaseMessagingService"
267-->[com.google.firebase:firebase-messaging:23.1.2] AndroidManifest.xml:45:13-82
268            android:directBootAware="true"
268-->[com.google.firebase:firebase-messaging:23.1.2] AndroidManifest.xml:46:13-43
269            android:exported="false" >
269-->[com.google.firebase:firebase-messaging:23.1.2] AndroidManifest.xml:47:13-37
270            <intent-filter android:priority="-500" >
270-->[:firebase_messaging] AndroidManifest.xml:21:13-23:29
271                <action android:name="com.google.firebase.MESSAGING_EVENT" />
271-->[:firebase_messaging] AndroidManifest.xml:22:17-78
271-->[:firebase_messaging] AndroidManifest.xml:22:25-75
272            </intent-filter>
273        </service>
274
275        <activity
275-->[com.google.android.gms:play-services-base:18.1.0] AndroidManifest.xml:20:9-22:45
276            android:name="com.google.android.gms.common.api.GoogleApiActivity"
276-->[com.google.android.gms:play-services-base:18.1.0] AndroidManifest.xml:20:19-85
277            android:exported="false"
277-->[com.google.android.gms:play-services-base:18.1.0] AndroidManifest.xml:22:19-43
278            android:theme="@android:style/Theme.Translucent.NoTitleBar" />
278-->[com.google.android.gms:play-services-base:18.1.0] AndroidManifest.xml:21:19-78
279
280        <provider
280-->[com.google.firebase:firebase-common:20.3.2] AndroidManifest.xml:25:9-30:39
281            android:name="com.google.firebase.provider.FirebaseInitProvider"
281-->[com.google.firebase:firebase-common:20.3.2] AndroidManifest.xml:26:13-77
282            android:authorities="com.kreditplus.deasy.android.dev.firebaseinitprovider"
282-->[com.google.firebase:firebase-common:20.3.2] AndroidManifest.xml:27:13-72
283            android:directBootAware="true"